11:10:03.996 [main] INFO  api.test.UserTests - *****CREATING  USER*****
11:10:06.215 [main] INFO  api.test.UserTests - *****USER   CREATED*****
11:10:06.226 [main] INFO  api.test.UserTests - *****READING   USER*****
11:10:06.680 [main] INFO  api.test.UserTests - *****USER DISPLAYED*****
11:10:06.682 [main] INFO  api.test.UserTests - *****UPDATING  USER*****
11:10:07.109 [main] INFO  api.test.UserTests - *****USER   UPDATED*****
11:10:07.535 [main] INFO  api.test.UserTests - *****DELETING  USER*****
11:10:07.965 [main] INFO  api.test.UserTests - *****USER   DELETED*****
11:16:31.794 [main] INFO  api.test.UserTests - *****CREATING  USER*****
11:16:34.015 [main] INFO  api.test.UserTests - *****USER   CREATED*****
11:16:34.027 [main] INFO  api.test.UserTests - *****READING   USER*****
11:16:34.472 [main] INFO  api.test.UserTests - *****USER DISPLAYED*****
11:16:34.474 [main] INFO  api.test.UserTests - *****UPDATING  USER*****
11:16:34.887 [main] INFO  api.test.UserTests - *****USER   UPDATED*****
11:16:35.308 [main] INFO  api.test.UserTests - *****DELETING  USER*****
11:16:35.738 [main] INFO  api.test.UserTests - *****USER   DELETED*****
11:38:30.971 [main] INFO  api.test.UserTests - *****CREATING  USER*****
11:38:33.162 [main] INFO  api.test.UserTests - *****USER   CREATED*****
11:38:33.175 [main] INFO  api.test.UserTests - *****READING   USER*****
11:38:33.638 [main] INFO  api.test.UserTests - *****USER DISPLAYED*****
11:38:33.640 [main] INFO  api.test.UserTests - *****UPDATING  USER*****
11:38:34.081 [main] INFO  api.test.UserTests - *****USER   UPDATED*****
11:38:34.509 [main] INFO  api.test.UserTests - *****DELETING  USER*****
11:38:34.928 [main] INFO  api.test.UserTests - *****USER   DELETED*****
